     1 00000000                                 ; haribote-ipl
     2 00000000                                 ; TAB=4
     3 00000000                                 
     4                                          		ORG		0x7c00			; 指明程序的装载地址
     5 00007C00                                 
     6 00007C00                                 ; 以下的记述用于标准FAT32格式的软盘
     7 00007C00                                 
     8 00007C00 EB 50                           		JMP		entry
     9 00007C02 90                              		DB		0x90
    10 00007C03 48 41 52 49 42 4F 54 45         		DB		"HARIBOTE"		; 启动区的名称可以是任意的字符串（8字节）
    11 00007C0B 0200                            		DW		512				; 每个扇区（sector）的大小（必须为512字节）
    12 00007C0D 01                              		DB		1				; 簇（cluster）的大小（必须为1个扇区）
    13 00007C0E 0001                            		DW		1				; FAT的起始位置（一般从第一个扇区开始）
    14 00007C10 02                              		DB		2				; FAT的个数（必须为2）
    15 00007C11 00E0                            		DW		224				; 根目录的大小（一般设成224项）
    16 00007C13 0B40                            		DW		2880			; 该磁盘的大小（必须是2880扇区）
    17 00007C15 F0                              		DB		0xf0			; 磁盘的种类（必须是0xf0）
    18 00007C16 0009                            		DW		9				; FAT的长度（必须是9扇区）
    19 00007C18 0012                            		DW		18				; 1个磁道（track）有几个扇区（必须是18）
    20 00007C1A 0002                            		DW		2				; 磁头数（必须是2）
    21 00007C1C 00000000                        		DD		0				; 不使用分区（必须是0）
    22 00007C20 00000B40                        		DD		2880			; 重写一次磁盘大小
    23 00007C24 00 00 29                        		DB		0,0,0x29		; 意义不明，固定
    24 00007C27 FFFFFFFF                        		DD		0xffffffff		; （可能是）卷标号码
    25 00007C2B 48 41 52 49 42 4F 54 45 4F 53   		DB		"HARIBOTEOS   "	; 磁盘的名称（11字节）
       00007C35 20 20 20 
    26 00007C38 46 41 54 31 32 20 20 20         		DB		"FAT12   "		; 磁盘格式名称（8字节）
    27 00007C40 00 00 00 00 00 00 00 00 00 00   		RESB	18				; 先空出18字节
       00007C4A 00 00 00 00 00 00 00 00 
    28 00007C52                                 
    29 00007C52                                 ; 程序核心
    30 00007C52                                 
    31 00007C52                                 entry:							; 初始化寄存器
    32 00007C52 B8 0000                         		MOV		AX,0			; AX:累加寄存器，SP:栈指针寄存器，SI:源变址寄存器
    33 00007C55 8E D0                           		MOV		SS,AX			; ES:附加段寄存器，DS:数据段寄存器，SS:栈段寄存器
    34 00007C57 BC 7C00                         		MOV		SP,0x7c00
    35 00007C5A 8E D8                           		MOV		DS,AX
    36 00007C5C                                 
    37 00007C5C                                 ; 读磁盘
    38 00007C5C                                 
    39 00007C5C B8 0820                         		MOV		AX,0x0820
    40 00007C5F 8E C0                           		MOV		ES,AX
    41 00007C61 B5 00                           		MOV 		CH,0			; 柱面0
    42 00007C63 B6 00                           		MOV		DH,0			; 磁头0
    43 00007C65 B1 02                           		MOV		CL,2			; 扇区2
    44 00007C67                                 readloop:		
    45 00007C67 BE 0000                         		MOV		SI,0			; 记录失败次数的寄存器
    46 00007C6A                                 retry:
    47 00007C6A B4 02                           		MOV		AH,0x02			; AH=0x02 : 读盘
    48 00007C6C B0 01                           		MOV		AL,1			; 1个扇区
    49 00007C6E BB 0000                         		MOV 		BX,0
    50 00007C71 B2 00                           		MOV		DL,0x00			; A驱动器 
    51 00007C73 CD 13                           		INT		0x13			; 调用磁盘BIOS
    52 00007C75 73 10                           		JNC		next			; 没出错的话跳转
    53 00007C77 83 C6 01                        		ADD		SI,1			; 往SI加1
    54 00007C7A 83 FE 05                        		CMP		SI,5			; 比较SI与5
    55 00007C7D 73 1A                           		JAE		error			; SI >= 5时，跳转到error
    56 00007C7F B4 00                           		MOV		AH,0x00
    57 00007C81 B2 00                           		MOV		DL,0x00			; A驱动器
    58 00007C83 CD 13                           		INT		0x13			; 重置驱动器
    59 00007C85 EB E3                           		JMP		retry		
    60 00007C87                                 next:
    61 00007C87 8C C0                           		MOV		AX,ES			; 把内存地址后移0x200
    62 00007C89 05 0020                         		ADD		AX,0x0020
    63 00007C8C 8E C0                           		MOV		ES,AX
    64 00007C8E 80 C1 01                        		ADD		CL,1
    65 00007C91 80 F9 12                        		CMP		CL,18
    66 00007C94 76 D1                           		JBE		readloop
    67 00007C96                                 	
    68 00007C96                                 ; 我已经读完了，但是我还是不会去做，所以我会睡觉
    69 00007C96                                 	
    70 00007C96                                 fin:
    71 00007C96 F4                              		HLT						; 让CPU停止，等待指令
    72 00007C97 EB FD                           		JMP		fin				; 无线循环
    73 00007C99                                 
    74 00007C99                                 error:
    75 00007C99 BE 7CAE                         		MOV		SI,msg
    76 00007C9C                                 putloop:
    77 00007C9C 8A 04                           		MOV		AL,[SI]			; AL:累加寄存器底位，AH:累加寄存器高位，BX:基址寄存器
    78 00007C9E 83 C6 01                        		ADD		SI,1			; 给SI加1
    79 00007CA1 3C 00                           		CMP		AL,0
    80 00007CA3 74 F1                           		JE		fin
    81 00007CA5 B4 0E                           		MOV		AH,0x0e			; 显示一个文字
    82 00007CA7 BB 000F                         		MOV		BX,15			; 指定字符颜色
    83 00007CAA CD 10                           		INT		0x10			; 调用显卡BIOS
    84 00007CAC EB EE                           		JMP		putloop
    85 00007CAE                                 msg:
    86 00007CAE 0A 0A                           		DB		0x0a, 0x0a		; 执行两次
    87 00007CB0 6C 6F 61 64 20 65 72 72 6F 72   		DB		"load error"
    88 00007CBA 0A                              		DB		0x0a			; 换行
    89 00007CBB 00                              		DB		0
    90 00007CBC                                 
    91 00007CBC 00 00 00 00 00 00 00 00 00 00   		RESB	0x7dfe-$		; 使用0x00填充，最多到0x7dfe处
       00007CC6 00 00 00 00 00 00 00 00 00 00 
       00007CD0 00 00 00 00 00 00 00 00 00 00 
       00007CDA 00 00 00 00 00 00 00 00 00 00 
       00007CE4 00 00 00 00 00 00 00 00 00 00 
       00007CEE 00 00 00 00 00 00 00 00 00 00 
       00007CF8 00 00 00 00 00 00 00 00 00 00 
       00007D02 00 00 00 00 00 00 00 00 00 00 
       00007D0C 00 00 00 00 00 00 00 00 00 00 
       00007D16 00 00 00 00 00 00 00 00 00 00 
       00007D20 00 00 00 00 00 00 00 00 00 00 
       00007D2A 00 00 00 00 00 00 00 00 00 00 
       00007D34 00 00 00 00 00 00 00 00 00 00 
       00007D3E 00 00 00 00 00 00 00 00 00 00 
       00007D48 00 00 00 00 00 00 00 00 00 00 
       00007D52 00 00 00 00 00 00 00 00 00 00 
       00007D5C 00 00 00 00 00 00 00 00 00 00 
       00007D66 00 00 00 00 00 00 00 00 00 00 
       00007D70 00 00 00 00 00 00 00 00 00 00 
       00007D7A 00 00 00 00 00 00 00 00 00 00 
       00007D84 00 00 00 00 00 00 00 00 00 00 
       00007D8E 00 00 00 00 00 00 00 00 00 00 
       00007D98 00 00 00 00 00 00 00 00 00 00 
       00007DA2 00 00 00 00 00 00 00 00 00 00 
       00007DAC 00 00 00 00 00 00 00 00 00 00 
       00007DB6 00 00 00 00 00 00 00 00 00 00 
       00007DC0 00 00 00 00 00 00 00 00 00 00 
       00007DCA 00 00 00 00 00 00 00 00 00 00 
       00007DD4 00 00 00 00 00 00 00 00 00 00 
       00007DDE 00 00 00 00 00 00 00 00 00 00 
       00007DE8 00 00 00 00 00 00 00 00 00 00 
       00007DF2 00 00 00 00 00 00 00 00 00 00 
       00007DFC 00 00 
    92 00007DFE                                 
    93 00007DFE 55 AA                           		DB		0x55, 0xaa
